<?xml version="1.0" encoding="UTF-8"?>
<!-- Generated by org.testng.reporters.JUnitReportReporter -->
<testsuite hostname="LAPTOP-S7UJHO9I" failures="0" tests="3" name="JavaCodes.Annotations" time="0.017" errors="0" timestamp="2024-05-06T06:49:39 IST" skipped="0">
  <testcase classname="JavaCodes.Annotations" name="OpeningBrowser" time="0.002"/>
  <system-out/>
  <testcase classname="JavaCodes.Annotations" name="FlightBooking" time="0.011"/>
  <system-out/>
  <testcase classname="JavaCodes.Annotations" name="FlightCancel" time="0.004"/>
  <system-out/>
</testsuite> <!-- JavaCodes.Annotations -->
