<?xml version="1.0" encoding="UTF-8"?>
<!-- Generated by org.testng.reporters.JUnitReportReporter -->
<testsuite hostname="LAPTOP-S7UJHO9I" failures="0" tests="1" name="TestNgTutorial.day2" time="0.002" errors="0" timestamp="2023-12-03T21:45:42 IST" skipped="0">
  <testcase classname="TestNgTutorial.day2" name="ploan" time="0.002"/>
  <system-out/>
</testsuite> <!-- TestNgTutorial.day2 -->
