<?xml version="1.0" encoding="UTF-8"?>
<!-- Generated by org.testng.reporters.JUnitReportReporter -->
<testsuite hostname="LAPTOP-S7UJHO9I" failures="0" tests="1" name="JavaCodes.StringDemo2" time="0.010" errors="0" timestamp="2024-05-19T08:32:24 IST" skipped="0">
  <testcase classname="JavaCodes.StringDemo2" name="stringdefine" time="0.010"/>
  <system-out/>
</testsuite> <!-- JavaCodes.StringDemo2 -->
