<?xml version="1.0" encoding="UTF-8"?>
<!-- Generated by org.testng.reporters.JUnitReportReporter -->
<testsuite hostname="LAPTOP-S7UJHO9I" failures="0" tests="2" name="Tests.SubmitOrderTest4_retryAnalyzer" time="19.040" errors="0" timestamp="2023-12-04T01:52:56 IST" skipped="0">
  <testcase classname="Tests.SubmitOrderTest4_retryAnalyzer" name="LoginErrorValidation" time="7.099"/>
  <system-out/>
  <testcase classname="Tests.SubmitOrderTest4_retryAnalyzer" name="ProductErrorValidation" time="11.941"/>
  <system-out/>
</testsuite> <!-- Tests.SubmitOrderTest4_retryAnalyzer -->
