<?xml version="1.0" encoding="UTF-8"?>
<!-- Generated by org.testng.reporters.JUnitReportReporter -->
<testsuite hostname="LAPTOP-S7UJHO9I" failures="0" tests="3" name="JavaCodes.Annotations" time="0.015" errors="0" timestamp="2023-11-29T07:26:07 IST" skipped="0">
  <testcase classname="JavaCodes.Annotations" name="OpeningBrowser" time="0.003"/>
  <system-out/>
  <testcase classname="JavaCodes.Annotations" name="FlightBooking" time="0.010"/>
  <system-out/>
  <testcase classname="JavaCodes.Annotations" name="FlightCancel" time="0.002"/>
  <system-out/>
</testsuite> <!-- JavaCodes.Annotations -->
