<?xml version="1.0" encoding="UTF-8"?>
<!-- Generated by org.testng.reporters.JUnitReportReporter -->
<testsuite hostname="LAPTOP-S7UJHO9I" failures="0" tests="6" name="TestNgTutorial.day3_DataProvider" time="0.032" errors="0" timestamp="2025-07-29T06:13:48 IST" skipped="1">
  <testcase classname="TestNgTutorial.day3_DataProvider" name="MobilesignoutcarLoan" time="0.005"/>
  <system-out/>
  <testcase classname="TestNgTutorial.day3_DataProvider" name="MobilesignoutcarLoan" time="0.006"/>
  <system-out/>
  <testcase classname="TestNgTutorial.day3_DataProvider" name="MobileLogincarLoan" time="0.009"/>
  <system-out/>
  <testcase classname="TestNgTutorial.day3_DataProvider" name="WebloginCarLoan" time="0.005"/>
  <system-out/>
  <testcase classname="TestNgTutorial.day3_DataProvider" name="MobilesignoutcarLoan" time="0.007"/>
  <system-out/>
  <testcase classname="TestNgTutorial.day3_DataProvider" name="MobilesignimcarLoan">
    <skipped/>
  </testcase> <!-- MobilesignimcarLoan -->
  <system-out/>
</testsuite> <!-- TestNgTutorial.day3_DataProvider -->
