<?xml version="1.0" encoding="UTF-8"?>
<!-- Generated by org.testng.reporters.JUnitReportReporter -->
<testsuite hostname="LAPTOP-S7UJHO9I" failures="0" tests="3" name="TestNgTutorial.day4" time="0.012" errors="0" timestamp="2025-07-29T06:13:48 IST" skipped="0">
  <testcase classname="TestNgTutorial.day4" name="LoginAPIHomeLoan" time="0.006"/>
  <system-out/>
  <testcase classname="TestNgTutorial.day4" name="WebloginHomeLoan" time="0.004"/>
  <system-out/>
  <testcase classname="TestNgTutorial.day4" name="MobileLoginHomeLoan" time="0.002"/>
  <system-out/>
</testsuite> <!-- TestNgTutorial.day4 -->
