<?xml version="1.0" encoding="UTF-8"?>
<!-- Generated by org.testng.reporters.JUnitReportReporter -->
<testsuite hostname="LAPTOP-S7UJHO9I" failures="0" tests="1" name="TestNgTutorial.day2" time="0.003" errors="0" timestamp="2025-07-29T06:13:48 IST" skipped="0">
  <testcase classname="TestNgTutorial.day2" name="ploan" time="0.003"/>
  <system-out/>
</testsuite> <!-- TestNgTutorial.day2 -->
